<?xml version="1.0" encoding="UTF-8"?>
<testsuite xmlns:xsi="http://www.w3.org/2001/XMLSchema-instance" xsi:noNamespaceSchemaLocation="https://maven.apache.org/surefire/maven-surefire-plugin/xsd/surefire-test-report.xsd" name="webscrapingsample.SampleWebScapintJSoup.AppTest" time="0.072" tests="1" errors="0" skipped="0" failures="0">
  <properties>
    <property name="java.specification.version" value="15"/>
    <property name="sun.cpu.isalist" value="amd64"/>
    <property name="sun.jnu.encoding" value="Cp1252"/>
    <property name="java.class.path" value="C:\Users\zucol\eclipse-workspace\Maven\SampleWebScapintJSoup\target\test-classes;C:\Users\zucol\eclipse-workspace\Maven\SampleWebScapintJSoup\target\classes;C:\Users\zucol\.m2\repository\junit\junit\4.11\junit-4.11.jar;C:\Users\zucol\.m2\repository\org\hamcrest\hamcrest-core\1.3\hamcrest-core-1.3.jar;C:\Users\zucol\.m2\repository\org\jsoup\jsoup\1.13.1\jsoup-1.13.1.jar;C:\Users\zucol\.m2\repository\net\sourceforge\htmlunit\htmlunit\2.41.0\htmlunit-2.41.0.jar;C:\Users\zucol\.m2\repository\xalan\xalan\2.7.2\xalan-2.7.2.jar;C:\Users\zucol\.m2\repository\xalan\serializer\2.7.2\serializer-2.7.2.jar;C:\Users\zucol\.m2\repository\org\apache\commons\commons-lang3\3.10\commons-lang3-3.10.jar;C:\Users\zucol\.m2\repository\org\apache\commons\commons-text\1.8\commons-text-1.8.jar;C:\Users\zucol\.m2\repository\org\apache\httpcomponents\httpmime\4.5.12\httpmime-4.5.12.jar;C:\Users\zucol\.m2\repository\org\apache\httpcomponents\httpclient\4.5.12\httpclient-4.5.12.jar;C:\Users\zucol\.m2\repository\org\apache\httpcomponents\httpcore\4.4.13\httpcore-4.4.13.jar;C:\Users\zucol\.m2\repository\commons-codec\commons-codec\1.11\commons-codec-1.11.jar;C:\Users\zucol\.m2\repository\net\sourceforge\htmlunit\htmlunit-core-js\2.41.0\htmlunit-core-js-2.41.0.jar;C:\Users\zucol\.m2\repository\net\sourceforge\htmlunit\neko-htmlunit\2.41.0\neko-htmlunit-2.41.0.jar;C:\Users\zucol\.m2\repository\xerces\xercesImpl\2.12.0\xercesImpl-2.12.0.jar;C:\Users\zucol\.m2\repository\xml-apis\xml-apis\1.4.01\xml-apis-1.4.01.jar;C:\Users\zucol\.m2\repository\net\sourceforge\htmlunit\htmlunit-cssparser\1.5.0\htmlunit-cssparser-1.5.0.jar;C:\Users\zucol\.m2\repository\commons-io\commons-io\2.7\commons-io-2.7.jar;C:\Users\zucol\.m2\repository\commons-logging\commons-logging\1.2\commons-logging-1.2.jar;C:\Users\zucol\.m2\repository\commons-net\commons-net\3.6\commons-net-3.6.jar;C:\Users\zucol\.m2\repository\org\brotli\dec\0.1.2\dec-0.1.2.jar;C:\Users\zucol\.m2\repository\com\shapesecurity\salvation\2.7.2\salvation-2.7.2.jar;C:\Users\zucol\.m2\repository\org\eclipse\jetty\websocket\websocket-client\9.4.29.v20200521\websocket-client-9.4.29.v20200521.jar;C:\Users\zucol\.m2\repository\org\eclipse\jetty\jetty-client\9.4.29.v20200521\jetty-client-9.4.29.v20200521.jar;C:\Users\zucol\.m2\repository\org\eclipse\jetty\jetty-http\9.4.29.v20200521\jetty-http-9.4.29.v20200521.jar;C:\Users\zucol\.m2\repository\org\eclipse\jetty\jetty-xml\9.4.29.v20200521\jetty-xml-9.4.29.v20200521.jar;C:\Users\zucol\.m2\repository\org\eclipse\jetty\jetty-util\9.4.29.v20200521\jetty-util-9.4.29.v20200521.jar;C:\Users\zucol\.m2\repository\org\eclipse\jetty\jetty-io\9.4.29.v20200521\jetty-io-9.4.29.v20200521.jar;C:\Users\zucol\.m2\repository\org\eclipse\jetty\websocket\websocket-common\9.4.29.v20200521\websocket-common-9.4.29.v20200521.jar;C:\Users\zucol\.m2\repository\org\eclipse\jetty\websocket\websocket-api\9.4.29.v20200521\websocket-api-9.4.29.v20200521.jar;"/>
    <property name="java.vm.vendor" value="Oracle Corporation"/>
    <property name="sun.arch.data.model" value="64"/>
    <property name="user.variant" value=""/>
    <property name="java.vendor.url" value="https://java.oracle.com/"/>
    <property name="user.timezone" value="Asia/Calcutta"/>
    <property name="os.name" value="Windows 10"/>
    <property name="java.vm.specification.version" value="15"/>
    <property name="sun.java.launcher" value="SUN_STANDARD"/>
    <property name="user.country" value="IN"/>
    <property name="sun.boot.library.path" value="C:\Program Files\Java\jdk-15.0.2\bin"/>
    <property name="sun.java.command" value="C:\Temp\surefire16811854947370529512\surefirebooter8020899607251361087.jar C:\Temp\surefire16811854947370529512 2021-02-15T16-53-32_529-jvmRun1 surefire8195357377604787256tmp surefire_01113448858773913095tmp"/>
    <property name="jdk.debug" value="release"/>
    <property name="surefire.test.class.path" value="C:\Users\zucol\eclipse-workspace\Maven\SampleWebScapintJSoup\target\test-classes;C:\Users\zucol\eclipse-workspace\Maven\SampleWebScapintJSoup\target\classes;C:\Users\zucol\.m2\repository\junit\junit\4.11\junit-4.11.jar;C:\Users\zucol\.m2\repository\org\hamcrest\hamcrest-core\1.3\hamcrest-core-1.3.jar;C:\Users\zucol\.m2\repository\org\jsoup\jsoup\1.13.1\jsoup-1.13.1.jar;C:\Users\zucol\.m2\repository\net\sourceforge\htmlunit\htmlunit\2.41.0\htmlunit-2.41.0.jar;C:\Users\zucol\.m2\repository\xalan\xalan\2.7.2\xalan-2.7.2.jar;C:\Users\zucol\.m2\repository\xalan\serializer\2.7.2\serializer-2.7.2.jar;C:\Users\zucol\.m2\repository\org\apache\commons\commons-lang3\3.10\commons-lang3-3.10.jar;C:\Users\zucol\.m2\repository\org\apache\commons\commons-text\1.8\commons-text-1.8.jar;C:\Users\zucol\.m2\repository\org\apache\httpcomponents\httpmime\4.5.12\httpmime-4.5.12.jar;C:\Users\zucol\.m2\repository\org\apache\httpcomponents\httpclient\4.5.12\httpclient-4.5.12.jar;C:\Users\zucol\.m2\repository\org\apache\httpcomponents\httpcore\4.4.13\httpcore-4.4.13.jar;C:\Users\zucol\.m2\repository\commons-codec\commons-codec\1.11\commons-codec-1.11.jar;C:\Users\zucol\.m2\repository\net\sourceforge\htmlunit\htmlunit-core-js\2.41.0\htmlunit-core-js-2.41.0.jar;C:\Users\zucol\.m2\repository\net\sourceforge\htmlunit\neko-htmlunit\2.41.0\neko-htmlunit-2.41.0.jar;C:\Users\zucol\.m2\repository\xerces\xercesImpl\2.12.0\xercesImpl-2.12.0.jar;C:\Users\zucol\.m2\repository\xml-apis\xml-apis\1.4.01\xml-apis-1.4.01.jar;C:\Users\zucol\.m2\repository\net\sourceforge\htmlunit\htmlunit-cssparser\1.5.0\htmlunit-cssparser-1.5.0.jar;C:\Users\zucol\.m2\repository\commons-io\commons-io\2.7\commons-io-2.7.jar;C:\Users\zucol\.m2\repository\commons-logging\commons-logging\1.2\commons-logging-1.2.jar;C:\Users\zucol\.m2\repository\commons-net\commons-net\3.6\commons-net-3.6.jar;C:\Users\zucol\.m2\repository\org\brotli\dec\0.1.2\dec-0.1.2.jar;C:\Users\zucol\.m2\repository\com\shapesecurity\salvation\2.7.2\salvation-2.7.2.jar;C:\Users\zucol\.m2\repository\org\eclipse\jetty\websocket\websocket-client\9.4.29.v20200521\websocket-client-9.4.29.v20200521.jar;C:\Users\zucol\.m2\repository\org\eclipse\jetty\jetty-client\9.4.29.v20200521\jetty-client-9.4.29.v20200521.jar;C:\Users\zucol\.m2\repository\org\eclipse\jetty\jetty-http\9.4.29.v20200521\jetty-http-9.4.29.v20200521.jar;C:\Users\zucol\.m2\repository\org\eclipse\jetty\jetty-xml\9.4.29.v20200521\jetty-xml-9.4.29.v20200521.jar;C:\Users\zucol\.m2\repository\org\eclipse\jetty\jetty-util\9.4.29.v20200521\jetty-util-9.4.29.v20200521.jar;C:\Users\zucol\.m2\repository\org\eclipse\jetty\jetty-io\9.4.29.v20200521\jetty-io-9.4.29.v20200521.jar;C:\Users\zucol\.m2\repository\org\eclipse\jetty\websocket\websocket-common\9.4.29.v20200521\websocket-common-9.4.29.v20200521.jar;C:\Users\zucol\.m2\repository\org\eclipse\jetty\websocket\websocket-api\9.4.29.v20200521\websocket-api-9.4.29.v20200521.jar;"/>
    <property name="sun.cpu.endian" value="little"/>
    <property name="user.home" value="C:\Users\zucol"/>
    <property name="user.language" value="en"/>
    <property name="java.specification.vendor" value="Oracle Corporation"/>
    <property name="java.version.date" value="2021-01-19"/>
    <property name="java.home" value="C:\Program Files\Java\jdk-15.0.2"/>
    <property name="file.separator" value="\"/>
    <property name="basedir" value="C:\Users\zucol\eclipse-workspace\Maven\SampleWebScapintJSoup"/>
    <property name="java.vm.compressedOopsMode" value="32-bit"/>
    <property name="line.separator" value="&#10;"/>
    <property name="java.vm.specification.vendor" value="Oracle Corporation"/>
    <property name="java.specification.name" value="Java Platform API Specification"/>
    <property name="surefire.real.class.path" value="C:\Temp\surefire16811854947370529512\surefirebooter8020899607251361087.jar"/>
    <property name="user.script" value=""/>
    <property name="sun.management.compiler" value="HotSpot 64-Bit Tiered Compilers"/>
    <property name="java.runtime.version" value="15.0.2+7-27"/>
    <property name="user.name" value="zucol"/>
    <property name="path.separator" value=";"/>
    <property name="os.version" value="10.0"/>
    <property name="java.runtime.name" value="Java(TM) SE Runtime Environment"/>
    <property name="file.encoding" value="Cp1252"/>
    <property name="java.vm.name" value="Java HotSpot(TM) 64-Bit Server VM"/>
    <property name="localRepository" value="C:\Users\zucol\.m2\repository"/>
    <property name="java.vendor.url.bug" value="https://bugreport.java.com/bugreport/"/>
    <property name="java.io.tmpdir" value="C:\Temp\"/>
    <property name="java.version" value="15.0.2"/>
    <property name="user.dir" value="C:\Users\zucol\eclipse-workspace\Maven\SampleWebScapintJSoup"/>
    <property name="os.arch" value="amd64"/>
    <property name="java.vm.specification.name" value="Java Virtual Machine Specification"/>
    <property name="sun.os.patch.level" value=""/>
    <property name="java.library.path" value="C:\Program Files\Java\jdk-15.0.2\bin;C:\WINDOWS\Sun\Java\bin;C:\WINDOWS\system32;C:\WINDOWS;C:/Program Files/Java/jdk-15.0.2/bin/server;C:/Program Files/Java/jdk-15.0.2/bin;C:\app\zucol\product\18.0.0\dbhomeXE\bin;C:\Program Files\Common Files\Oracle\Java\javapath;C:\WINDOWS\system32;C:\WINDOWS;C:\WINDOWS\System32\Wbem;C:\WINDOWS\System32\WindowsPowerShell\v1.0\;C:\Program Files\Java\jdk-15.0.2;C:\Program Files\dotnet\;C:\Program Files\Microsoft SQL Server\Client SDK\ODBC\170\Tools\Binn\;C:\Program Files (x86)\Microsoft SQL Server\150\Tools\Binn\;C:\Program Files\Microsoft SQL Server\150\Tools\Binn\;C:\Program Files\Microsoft SQL Server\150\DTS\Binn\;C:\Program Files (x86)\Microsoft SQL Server\150\DTS\Binn\;C:\Program Files\Azure Data Studio\bin;C:\Users\zucol\anaconda3;C:\Users\zucol\anaconda3\Scripts;C:\MinGW\bin;;C:\WINDOWS\System32\OpenSSH\;C:\Program Files\MySQL\MySQL Shell 8.0\bin\;C:\Program Files\Java\jdk-15.0.2\bin;C:\Users\zucol\.dotnet\tools;C:\Program Files\Azure Data Studio\bin;C:\Users\zucol\anaconda3;C:\Users\zucol\anaconda3\Scripts;C:\MinGW\bin;;C:\Users\zucol\AppData\Local\Microsoft\WindowsApps;C:\Users\zucol\AppData\Local\Programs\Microsoft VS Code\bin;C:\Users\zucol\eclipse\jee-2020-12\eclipse;;."/>
    <property name="java.vm.info" value="mixed mode, sharing"/>
    <property name="java.vendor" value="Oracle Corporation"/>
    <property name="java.vm.version" value="15.0.2+7-27"/>
    <property name="sun.io.unicode.encoding" value="UnicodeLittle"/>
    <property name="java.class.version" value="59.0"/>
  </properties>
  <testcase name="shouldAnswerWithTrue" classname="webscrapingsample.SampleWebScapintJSoup.AppTest" time="0.003"/>
</testsuite>